Using pre-set license
Built from '2021.2/staging' branch; Version is '2021.2.9f1 (921b45a28ab6) revision 9575237'; Using compiler version '192829333'; Build Type 'Release'
OS: 'Windows 11  (10.0.22000) 64bit Core' Language: 'en' Physical Memory: 32694 MB
BatchMode: 1, IsHumanControllingUs: 0, StartBugReporterOnCrash: 0, Is64bit: 1, IsPro: 0

COMMAND LINE ARGUMENTS:
C:\Program Files\Unity\Hub\Editor\2021.2.9f1\Editor\Unity.exe
-adb2
-batchMode
-noUpm
-name
AssetImportWorker4
-projectPath
C:/Users/cocru/Documents/GitHub/Inspire/Inspire
-logFile
Logs/AssetImportWorker4.log
-srvPort
51448
Successfully changed project path to: C:/Users/cocru/Documents/GitHub/Inspire/Inspire
C:/Users/cocru/Documents/GitHub/Inspire/Inspire
[UnityMemory] Configuration Parameters - Can be set up in boot.config
    "memorysetup-bucket-allocator-granularity=16"
    "memorysetup-bucket-allocator-bucket-count=8"
    "memorysetup-bucket-allocator-block-size=33554432"
    "memorysetup-bucket-allocator-block-count=8"
    "memorysetup-main-allocator-block-size=16777216"
    "memorysetup-thread-allocator-block-size=16777216"
    "memorysetup-gfx-main-allocator-block-size=16777216"
    "memorysetup-gfx-thread-allocator-block-size=16777216"
    "memorysetup-cache-allocator-block-size=4194304"
    "memorysetup-typetree-allocator-block-size=2097152"
    "memorysetup-profiler-bucket-allocator-granularity=16"
    "memorysetup-profiler-bucket-allocator-bucket-count=8"
    "memorysetup-profiler-bucket-allocator-block-size=33554432"
    "memorysetup-profiler-bucket-allocator-block-count=8"
    "memorysetup-profiler-allocator-block-size=16777216"
    "memorysetup-profiler-editor-allocator-block-size=1048576"
    "memorysetup-temp-allocator-size-main=16777216"
    "memorysetup-job-temp-allocator-block-size=2097152"
    "memorysetup-job-temp-allocator-block-size-background=1048576"
    "memorysetup-job-temp-allocator-reduction-small-platforms=262144"
    "memorysetup-temp-allocator-size-background-worker=32768"
    "memorysetup-temp-allocator-size-job-worker=262144"
    "memorysetup-temp-allocator-size-preload-manager=33554432"
    "memorysetup-temp-allocator-size-nav-mesh-worker=65536"
    "memorysetup-temp-allocator-size-audio-worker=65536"
    "memorysetup-temp-allocator-size-cloud-worker=32768"
    "memorysetup-temp-allocator-size-gi-baking-worker=262144"
    "memorysetup-temp-allocator-size-gfx=262144"
Refreshing native plugins compatible for Editor in 103.89 ms, found 4 plugins.
Preloading 0 native plugins for Editor in 0.00 ms.
Initialize engine version: 2021.2.9f1 (921b45a28ab6)
[Subsystems] Discovering subsystems at path C:/Program Files/Unity/Hub/Editor/2021.2.9f1/Editor/Data/Resources/UnitySubsystems
[Subsystems] Discovering subsystems at path C:/Users/cocru/Documents/GitHub/Inspire/Inspire/Assets
GfxDevice: creating device client; threaded=0; jobified=0
Direct3D:
    Version:  Direct3D 11.0 [level 11.1]
    Renderer: NVIDIA GeForce RTX 3080 Ti (ID=0x2208)
    Vendor:   NVIDIA
    VRAM:     12108 MB
    Driver:   30.0.15.1179
Initialize mono
Mono path[0] = 'C:/Program Files/Unity/Hub/Editor/2021.2.9f1/Editor/Data/Managed'
Mono path[1] = 'C:/Program Files/Unity/Hub/Editor/2021.2.9f1/Editor/Data/MonoBleedingEdge/lib/mono/unityjit-win32'
Mono config path = 'C:/Program Files/Unity/Hub/Editor/2021.2.9f1/Editor/Data/MonoBleedingEdge/etc'
Using monoOptions --debugger-agent=transport=dt_socket,embedding=1,server=y,suspend=n,address=127.0.0.1:56976
Begin MonoManager ReloadAssembly
Registering precompiled unity dll's ...
Register platform support module: C:/Program Files/Unity/Hub/Editor/2021.2.9f1/Editor/Data/PlaybackEngines/WindowsStandaloneSupport/UnityEditor.WindowsStandalone.Extensions.dll
Registered in 0.003988 seconds.
Native extension for WindowsStandalone target not found
Refreshing native plugins compatible for Editor in 91.39 ms, found 4 plugins.
Preloading 0 native plugins for Editor in 0.00 ms.
Mono: successfully reloaded assembly
- Completed reload, in  0.519 seconds
Domain Reload Profiling:
	ReloadAssembly (519ms)
		BeginReloadAssembly (55ms)
			ExecutionOrderSort (0ms)
			DisableScriptedObjects (0ms)
			BackupInstance (0ms)
			ReleaseScriptingObjects (0ms)
			CreateAndSetChildDomain (1ms)
		EndReloadAssembly (400ms)
			LoadAssemblies (53ms)
			RebuildTransferFunctionScriptingTraits (0ms)
			SetupTypeCache (81ms)
			ReleaseScriptCaches (0ms)
			RebuildScriptCaches (21ms)
			SetupLoadedEditorAssemblies (257ms)
				LogAssemblyErrors (0ms)
				InitializePlatformSupportModulesInManaged (13ms)
				SetLoadedEditorAssemblies (0ms)
				RefreshPlugins (91ms)
				BeforeProcessingInitializeOnLoad (1ms)
				ProcessInitializeOnLoadAttributes (116ms)
				ProcessInitializeOnLoadMethodAttributes (36ms)
				AfterProcessingInitializeOnLoad (0ms)
				EditorAssembliesLoaded (0ms)
			ExecutionOrderSort2 (0ms)
			AwakeInstancesAfterBackupRestoration (0ms)
Platform modules already initialized, skipping
Registering precompiled user dll's ...
Registered in 0.006335 seconds.
Begin MonoManager ReloadAssembly
Symbol file LoadedFromMemory doesn't match image C:\Users\cocru\Documents\GitHub\Inspire\Inspire\Library\PackageCache\com.unity.visualscripting@1.7.6\Editor\VisualScripting.Core\Dependencies\YamlDotNet\Unity.VisualScripting.YamlDotNet.dll
Symbol file LoadedFromMemory doesn't match image C:\Users\cocru\Documents\GitHub\Inspire\Inspire\Library\PackageCache\com.unity.visualscripting@1.7.6\Editor\VisualScripting.Core\Dependencies\DotNetZip\Unity.VisualScripting.IonicZip.dll
Native extension for WindowsStandalone target not found
Refreshing native plugins compatible for Editor in 89.91 ms, found 4 plugins.
Preloading 0 native plugins for Editor in 0.00 ms.
Mono: successfully reloaded assembly
- Completed reload, in  1.362 seconds
Domain Reload Profiling:
	ReloadAssembly (1363ms)
		BeginReloadAssembly (82ms)
			ExecutionOrderSort (0ms)
			DisableScriptedObjects (5ms)
			BackupInstance (0ms)
			ReleaseScriptingObjects (0ms)
			CreateAndSetChildDomain (15ms)
		EndReloadAssembly (1202ms)
			LoadAssemblies (56ms)
			RebuildTransferFunctionScriptingTraits (0ms)
			SetupTypeCache (194ms)
			ReleaseScriptCaches (1ms)
			RebuildScriptCaches (57ms)
			SetupLoadedEditorAssemblies (845ms)
				LogAssemblyErrors (0ms)
				InitializePlatformSupportModulesInManaged (9ms)
				SetLoadedEditorAssemblies (0ms)
				RefreshPlugins (90ms)
				BeforeProcessingInitializeOnLoad (86ms)
				ProcessInitializeOnLoadAttributes (630ms)
				ProcessInitializeOnLoadMethodAttributes (25ms)
				AfterProcessingInitializeOnLoad (5ms)
				EditorAssembliesLoaded (0ms)
			ExecutionOrderSort2 (0ms)
			AwakeInstancesAfterBackupRestoration (4ms)
Platform modules already initialized, skipping
========================================================================
Worker process is ready to serve import requests
Launched and connected shader compiler UnityShaderCompiler.exe after 0.04 seconds
Refreshing native plugins compatible for Editor in 0.96 ms, found 4 plugins.
Preloading 0 native plugins for Editor in 0.00 ms.
Unloading 4269 Unused Serialized files (Serialized files now loaded: 0)
Unloading 46 unused Assets / (225.8 KB). Loaded Objects now: 4721.
Memory consumption went from 160.9 MB to 160.6 MB.
Total: 3.290000 ms (FindLiveObjects: 0.323000 ms CreateObjectMapping: 0.101400 ms MarkObjects: 2.742700 ms  DeleteObjects: 0.122200 ms)

AssetImportParameters requested are different than current active one (requested -> active):
  custom:video-decoder-ogg-theora: a1e56fd34408186e4bbccfd4996cb3dc -> 
  custom:container-muxer-webm: aa71ff27fc2769a1b78a27578f13a17b -> 
  custom:container-demuxer-webm: 4f35f7cbe854078d1ac9338744f61a02 -> 
  custom:video-encoder-webm-vp8: eb34c28f22e8b96e1ab97ce403110664 -> 
  custom:audio-encoder-webm-vorbis: bf7c407c2cedff20999df2af8eb42d56 -> 
  custom:framework-win-MediaFoundation: 216162199b28c13a410421893ffa2e32 -> 
  custom:container-demuxer-ogg: 62fdf1f143b41e24485cea50d1cbac27 -> 
  custom:video-decoder-webm-vp8: 9c59270c3fd7afecdb556c50c9e8de78 -> 
  custom:audio-decoder-ogg-vorbis: bf7c407c2cedff20999df2af8eb42d56 -> 
========================================================================
Received Import Request.
  Time since last request: 409903.142510 seconds.
  path: Assets/Prefabs/Planets/blue-planet.prefab
  artifactKey: Guid(5cdf8dec56076a646968360d45e203b5) Importer(815301076,1909f56bfc062723c751e8b465ee728b)
Start importing Assets/Prefabs/Planets/blue-planet.prefab using Guid(5cdf8dec56076a646968360d45e203b5) Importer(815301076,1909f56bfc062723c751e8b465ee728b)  -> (artifact id: '54dcfc7f0e9087abc48ab0774a097a58') in 0.105642 seconds 
========================================================================
Received Import Request.
  Time since last request: 0.000027 seconds.
  path: Assets/Prefabs/Planets/Purple-Planet.prefab
  artifactKey: Guid(637080c82179c5743a845af150795ef0) Importer(815301076,1909f56bfc062723c751e8b465ee728b)
Start importing Assets/Prefabs/Planets/Purple-Planet.prefab using Guid(637080c82179c5743a845af150795ef0) Importer(815301076,1909f56bfc062723c751e8b465ee728b)  -> (artifact id: '2cfc61ee276304f2be647b39d8c61850') in 0.021186 seconds 
========================================================================
Received Prepare
Registering precompiled user dll's ...
Registered in 0.005905 seconds.
Begin MonoManager ReloadAssembly
Symbol file LoadedFromMemory doesn't match image C:\Users\cocru\Documents\GitHub\Inspire\Inspire\Library\PackageCache\com.unity.visualscripting@1.7.6\Editor\VisualScripting.Core\Dependencies\YamlDotNet\Unity.VisualScripting.YamlDotNet.dll
Symbol file LoadedFromMemory doesn't match image C:\Users\cocru\Documents\GitHub\Inspire\Inspire\Library\PackageCache\com.unity.visualscripting@1.7.6\Editor\VisualScripting.Core\Dependencies\DotNetZip\Unity.VisualScripting.IonicZip.dll
Native extension for WindowsStandalone target not found
Refreshing native plugins compatible for Editor in 1.24 ms, found 4 plugins.
Preloading 0 native plugins for Editor in 0.00 ms.
Mono: successfully reloaded assembly
- Completed reload, in  1.112 seconds
Domain Reload Profiling:
	ReloadAssembly (1112ms)
		BeginReloadAssembly (123ms)
			ExecutionOrderSort (0ms)
			DisableScriptedObjects (6ms)
			BackupInstance (0ms)
			ReleaseScriptingObjects (0ms)
			CreateAndSetChildDomain (32ms)
		EndReloadAssembly (894ms)
			LoadAssemblies (71ms)
			RebuildTransferFunctionScriptingTraits (0ms)
			SetupTypeCache (241ms)
			ReleaseScriptCaches (2ms)
			RebuildScriptCaches (48ms)
			SetupLoadedEditorAssemblies (479ms)
				LogAssemblyErrors (0ms)
				InitializePlatformSupportModulesInManaged (11ms)
				SetLoadedEditorAssemblies (0ms)
				RefreshPlugins (1ms)
				BeforeProcessingInitializeOnLoad (73ms)
				ProcessInitializeOnLoadAttributes (354ms)
				ProcessInitializeOnLoadMethodAttributes (33ms)
				AfterProcessingInitializeOnLoad (6ms)
				EditorAssembliesLoaded (0ms)
			ExecutionOrderSort2 (0ms)
			AwakeInstancesAfterBackupRestoration (7ms)
Platform modules already initialized, skipping
Refreshing native plugins compatible for Editor in 1.27 ms, found 4 plugins.
Preloading 0 native plugins for Editor in 0.00 ms.
Unloading 4264 Unused Serialized files (Serialized files now loaded: 0)
Unloading 33 unused Assets / (192.6 KB). Loaded Objects now: 4729.
Memory consumption went from 165.2 MB to 165.0 MB.
Total: 3.969100 ms (FindLiveObjects: 0.443100 ms CreateObjectMapping: 0.135300 ms MarkObjects: 3.221500 ms  DeleteObjects: 0.168100 ms)

AssetImportParameters requested are different than current active one (requested -> active):
  custom:video-decoder-ogg-theora: a1e56fd34408186e4bbccfd4996cb3dc -> 
  custom:container-muxer-webm: aa71ff27fc2769a1b78a27578f13a17b -> 
  custom:container-demuxer-webm: 4f35f7cbe854078d1ac9338744f61a02 -> 
  custom:video-encoder-webm-vp8: eb34c28f22e8b96e1ab97ce403110664 -> 
  custom:audio-encoder-webm-vorbis: bf7c407c2cedff20999df2af8eb42d56 -> 
  custom:framework-win-MediaFoundation: 216162199b28c13a410421893ffa2e32 -> 
  custom:container-demuxer-ogg: 62fdf1f143b41e24485cea50d1cbac27 -> 
  custom:video-decoder-webm-vp8: 9c59270c3fd7afecdb556c50c9e8de78 -> 
  custom:audio-decoder-ogg-vorbis: bf7c407c2cedff20999df2af8eb42d56 -> 
========================================================================
Received Prepare
Registering precompiled user dll's ...
Registered in 0.006622 seconds.
Begin MonoManager ReloadAssembly
Symbol file LoadedFromMemory doesn't match image C:\Users\cocru\Documents\GitHub\Inspire\Inspire\Library\PackageCache\com.unity.visualscripting@1.7.6\Editor\VisualScripting.Core\Dependencies\YamlDotNet\Unity.VisualScripting.YamlDotNet.dll
Symbol file LoadedFromMemory doesn't match image C:\Users\cocru\Documents\GitHub\Inspire\Inspire\Library\PackageCache\com.unity.visualscripting@1.7.6\Editor\VisualScripting.Core\Dependencies\DotNetZip\Unity.VisualScripting.IonicZip.dll
Native extension for WindowsStandalone target not found
Refreshing native plugins compatible for Editor in 0.74 ms, found 4 plugins.
Preloading 0 native plugins for Editor in 0.00 ms.
Mono: successfully reloaded assembly
- Completed reload, in  0.977 seconds
Domain Reload Profiling:
	ReloadAssembly (977ms)
		BeginReloadAssembly (117ms)
			ExecutionOrderSort (0ms)
			DisableScriptedObjects (5ms)
			BackupInstance (0ms)
			ReleaseScriptingObjects (0ms)
			CreateAndSetChildDomain (30ms)
		EndReloadAssembly (768ms)
			LoadAssemblies (68ms)
			RebuildTransferFunctionScriptingTraits (0ms)
			SetupTypeCache (202ms)
			ReleaseScriptCaches (2ms)
			RebuildScriptCaches (40ms)
			SetupLoadedEditorAssemblies (408ms)
				LogAssemblyErrors (0ms)
				InitializePlatformSupportModulesInManaged (10ms)
				SetLoadedEditorAssemblies (0ms)
				RefreshPlugins (1ms)
				BeforeProcessingInitializeOnLoad (65ms)
				ProcessInitializeOnLoadAttributes (300ms)
				ProcessInitializeOnLoadMethodAttributes (26ms)
				AfterProcessingInitializeOnLoad (6ms)
				EditorAssembliesLoaded (0ms)
			ExecutionOrderSort2 (0ms)
			AwakeInstancesAfterBackupRestoration (6ms)
Platform modules already initialized, skipping
Refreshing native plugins compatible for Editor in 0.89 ms, found 4 plugins.
Preloading 0 native plugins for Editor in 0.00 ms.
Unloading 4264 Unused Serialized files (Serialized files now loaded: 0)
Unloading 33 unused Assets / (193.8 KB). Loaded Objects now: 4731.
Memory consumption went from 165.2 MB to 165.0 MB.
Total: 3.262900 ms (FindLiveObjects: 0.429800 ms CreateObjectMapping: 0.104500 ms MarkObjects: 2.607600 ms  DeleteObjects: 0.120100 ms)

AssetImportParameters requested are different than current active one (requested -> active):
  custom:video-decoder-ogg-theora: a1e56fd34408186e4bbccfd4996cb3dc -> 
  custom:container-muxer-webm: aa71ff27fc2769a1b78a27578f13a17b -> 
  custom:container-demuxer-webm: 4f35f7cbe854078d1ac9338744f61a02 -> 
  custom:video-encoder-webm-vp8: eb34c28f22e8b96e1ab97ce403110664 -> 
  custom:audio-encoder-webm-vorbis: bf7c407c2cedff20999df2af8eb42d56 -> 
  custom:framework-win-MediaFoundation: 216162199b28c13a410421893ffa2e32 -> 
  custom:container-demuxer-ogg: 62fdf1f143b41e24485cea50d1cbac27 -> 
  custom:video-decoder-webm-vp8: 9c59270c3fd7afecdb556c50c9e8de78 -> 
  custom:audio-decoder-ogg-vorbis: bf7c407c2cedff20999df2af8eb42d56 -> 
========================================================================
Received Import Request.
  Time since last request: 43.239758 seconds.
  path: Assets/Prefabs/PowerUpPrefabs/ExtraBullet.prefab
  artifactKey: Guid(feb43de0036c12747b1168eb97b6c38a) Importer(815301076,1909f56bfc062723c751e8b465ee728b)
Start importing Assets/Prefabs/PowerUpPrefabs/ExtraBullet.prefab using Guid(feb43de0036c12747b1168eb97b6c38a) Importer(815301076,1909f56bfc062723c751e8b465ee728b)  -> (artifact id: '040e5aed1293832137b2d4fcad692210') in 0.045877 seconds 
========================================================================
Received Prepare
Registering precompiled user dll's ...
Registered in 0.006041 seconds.
Begin MonoManager ReloadAssembly
Symbol file LoadedFromMemory doesn't match image C:\Users\cocru\Documents\GitHub\Inspire\Inspire\Library\PackageCache\com.unity.visualscripting@1.7.6\Editor\VisualScripting.Core\Dependencies\YamlDotNet\Unity.VisualScripting.YamlDotNet.dll
Symbol file LoadedFromMemory doesn't match image C:\Users\cocru\Documents\GitHub\Inspire\Inspire\Library\PackageCache\com.unity.visualscripting@1.7.6\Editor\VisualScripting.Core\Dependencies\DotNetZip\Unity.VisualScripting.IonicZip.dll
Native extension for WindowsStandalone target not found
Refreshing native plugins compatible for Editor in 1.00 ms, found 4 plugins.
Preloading 0 native plugins for Editor in 0.00 ms.
Mono: successfully reloaded assembly
- Completed reload, in  1.116 seconds
Domain Reload Profiling:
	ReloadAssembly (1117ms)
		BeginReloadAssembly (114ms)
			ExecutionOrderSort (0ms)
			DisableScriptedObjects (5ms)
			BackupInstance (0ms)
			ReleaseScriptingObjects (0ms)
			CreateAndSetChildDomain (33ms)
		EndReloadAssembly (917ms)
			LoadAssemblies (68ms)
			RebuildTransferFunctionScriptingTraits (0ms)
			SetupTypeCache (248ms)
			ReleaseScriptCaches (2ms)
			RebuildScriptCaches (49ms)
			SetupLoadedEditorAssemblies (488ms)
				LogAssemblyErrors (0ms)
				InitializePlatformSupportModulesInManaged (13ms)
				SetLoadedEditorAssemblies (1ms)
				RefreshPlugins (1ms)
				BeforeProcessingInitializeOnLoad (76ms)
				ProcessInitializeOnLoadAttributes (359ms)
				ProcessInitializeOnLoadMethodAttributes (31ms)
				AfterProcessingInitializeOnLoad (8ms)
				EditorAssembliesLoaded (0ms)
			ExecutionOrderSort2 (0ms)
			AwakeInstancesAfterBackupRestoration (7ms)
Platform modules already initialized, skipping
Refreshing native plugins compatible for Editor in 1.21 ms, found 4 plugins.
Preloading 0 native plugins for Editor in 0.00 ms.
Unloading 4264 Unused Serialized files (Serialized files now loaded: 0)
Unloading 33 unused Assets / (192.5 KB). Loaded Objects now: 4733.
Memory consumption went from 165.2 MB to 165.0 MB.
Total: 3.912100 ms (FindLiveObjects: 0.393200 ms CreateObjectMapping: 0.096200 ms MarkObjects: 3.270500 ms  DeleteObjects: 0.150800 ms)

AssetImportParameters requested are different than current active one (requested -> active):
  custom:video-decoder-ogg-theora: a1e56fd34408186e4bbccfd4996cb3dc -> 
  custom:container-muxer-webm: aa71ff27fc2769a1b78a27578f13a17b -> 
  custom:container-demuxer-webm: 4f35f7cbe854078d1ac9338744f61a02 -> 
  custom:video-encoder-webm-vp8: eb34c28f22e8b96e1ab97ce403110664 -> 
  custom:audio-encoder-webm-vorbis: bf7c407c2cedff20999df2af8eb42d56 -> 
  custom:framework-win-MediaFoundation: 216162199b28c13a410421893ffa2e32 -> 
  custom:container-demuxer-ogg: 62fdf1f143b41e24485cea50d1cbac27 -> 
  custom:video-decoder-webm-vp8: 9c59270c3fd7afecdb556c50c9e8de78 -> 
  custom:audio-decoder-ogg-vorbis: bf7c407c2cedff20999df2af8eb42d56 -> 
========================================================================
Received Import Request.
  Time since last request: 121.415912 seconds.
  path: Assets/Demo
  artifactKey: Guid(c9a949e9e49c5e7418c55259f0a72014) Importer(815301076,1909f56bfc062723c751e8b465ee728b)
Start importing Assets/Demo using Guid(c9a949e9e49c5e7418c55259f0a72014) Importer(815301076,1909f56bfc062723c751e8b465ee728b)  -> (artifact id: '252569b6640a6f81ee1afcd67cec4df7') in 0.009942 seconds 
========================================================================
Received Import Request.
  Time since last request: 0.582637 seconds.
  path: Assets/Planets with Space Background in Flat Style
  artifactKey: Guid(ca12d1ec8615cc84ea7e602006b1ab73) Importer(815301076,1909f56bfc062723c751e8b465ee728b)
Start importing Assets/Planets with Space Background in Flat Style using Guid(ca12d1ec8615cc84ea7e602006b1ab73) Importer(815301076,1909f56bfc062723c751e8b465ee728b)  -> (artifact id: '6417fc540a30065eda924d3954c84ad7') in 0.004274 seconds 
========================================================================
Received Import Request.
  Time since last request: 0.639024 seconds.
  path: Assets/Planets with Space Background in Flat Style/Planets and Background
  artifactKey: Guid(e7f55046430999b4291dcbe98fbb40ee) Importer(815301076,1909f56bfc062723c751e8b465ee728b)
Start importing Assets/Planets with Space Background in Flat Style/Planets and Background using Guid(e7f55046430999b4291dcbe98fbb40ee) Importer(815301076,1909f56bfc062723c751e8b465ee728b)  -> (artifact id: '9dd7a3cc76332a8d218f802ad532d7a8') in 0.004281 seconds 
========================================================================
Received Import Request.
  Time since last request: 0.200993 seconds.
  path: Assets/Planets with Space Background in Flat Style/Planets and Background/blue-planet.png
  artifactKey: Guid(8ff5851d96e353540b1e6d34f6dafe7b) Importer(815301076,1909f56bfc062723c751e8b465ee728b)
Start importing Assets/Planets with Space Background in Flat Style/Planets and Background/blue-planet.png using Guid(8ff5851d96e353540b1e6d34f6dafe7b) Importer(815301076,1909f56bfc062723c751e8b465ee728b)  -> (artifact id: 'aad765e024bbb01069f98d203be12ce2') in 0.066916 seconds 
========================================================================
Received Import Request.
  Time since last request: 0.000018 seconds.
  path: Assets/Planets with Space Background in Flat Style/Planets and Background/Red-Planet-1.png
  artifactKey: Guid(765aab9d7d5f75f478521312f0b8a3dd) Importer(815301076,1909f56bfc062723c751e8b465ee728b)
Start importing Assets/Planets with Space Background in Flat Style/Planets and Background/Red-Planet-1.png using Guid(765aab9d7d5f75f478521312f0b8a3dd) Importer(815301076,1909f56bfc062723c751e8b465ee728b)  -> (artifact id: 'bee2645173394e4d39ad8b3af12bd20c') in 0.022433 seconds 
========================================================================
Received Import Request.
  Time since last request: 0.000030 seconds.
  path: Assets/Planets with Space Background in Flat Style/Planets and Background/red-planet-sputnik.png
  artifactKey: Guid(de9bd78144a44764f99b085846a2e03a) Importer(815301076,1909f56bfc062723c751e8b465ee728b)
Start importing Assets/Planets with Space Background in Flat Style/Planets and Background/red-planet-sputnik.png using Guid(de9bd78144a44764f99b085846a2e03a) Importer(815301076,1909f56bfc062723c751e8b465ee728b)  -> (artifact id: '057da7530ca292ed67ac41dfbf79a74b') in 0.025221 seconds 
========================================================================
Received Import Request.
  Time since last request: 0.000021 seconds.
  path: Assets/Planets with Space Background in Flat Style/Planets and Background/Sun.png
  artifactKey: Guid(d1633d80f997845418c21db664ba138f) Importer(815301076,1909f56bfc062723c751e8b465ee728b)
Start importing Assets/Planets with Space Background in Flat Style/Planets and Background/Sun.png using Guid(d1633d80f997845418c21db664ba138f) Importer(815301076,1909f56bfc062723c751e8b465ee728b)  -> (artifact id: 'bc753d2c5784cff5dbf20a39bb3eabcc') in 0.031360 seconds 
========================================================================
Received Import Request.
  Time since last request: 0.000014 seconds.
  path: Assets/Planets with Space Background in Flat Style/Planets and Background/Red-Planet-With-Ice.png
  artifactKey: Guid(c37b6465dcc722340a3a437ce8dbbe96) Importer(815301076,1909f56bfc062723c751e8b465ee728b)
Start importing Assets/Planets with Space Background in Flat Style/Planets and Background/Red-Planet-With-Ice.png using Guid(c37b6465dcc722340a3a437ce8dbbe96) Importer(815301076,1909f56bfc062723c751e8b465ee728b)  -> (artifact id: '42ca67def4628dcb074b52c57243b4d8') in 0.022066 seconds 
========================================================================
Received Import Request.
  Time since last request: 0.000023 seconds.
  path: Assets/Planets with Space Background in Flat Style/Planets and Background/Sand-Planet.png
  artifactKey: Guid(4a868e28be12a6349a2742aa1909ed42) Importer(815301076,1909f56bfc062723c751e8b465ee728b)
Start importing Assets/Planets with Space Background in Flat Style/Planets and Background/Sand-Planet.png using Guid(4a868e28be12a6349a2742aa1909ed42) Importer(815301076,1909f56bfc062723c751e8b465ee728b)  -> (artifact id: '198c8087fc26f219753f2e2041267088') in 0.023421 seconds 
========================================================================
Received Import Request.
  Time since last request: 0.000018 seconds.
  path: Assets/Planets with Space Background in Flat Style/Planets and Background/earth-like.png
  artifactKey: Guid(0aab17f474ae0434eb7aff4a29cc0123) Importer(815301076,1909f56bfc062723c751e8b465ee728b)
Start importing Assets/Planets with Space Background in Flat Style/Planets and Background/earth-like.png using Guid(0aab17f474ae0434eb7aff4a29cc0123) Importer(815301076,1909f56bfc062723c751e8b465ee728b)  -> (artifact id: '1b92372d557adbb01e12fd91a8a30dc7') in 0.023715 seconds 
========================================================================
Received Import Request.
  Time since last request: 0.000017 seconds.
  path: Assets/Planets with Space Background in Flat Style/Planets and Background/Ice-Planet.png
  artifactKey: Guid(ef1bf2ecc16140f4195ed991ac4136c1) Importer(815301076,1909f56bfc062723c751e8b465ee728b)
Start importing Assets/Planets with Space Background in Flat Style/Planets and Background/Ice-Planet.png using Guid(ef1bf2ecc16140f4195ed991ac4136c1) Importer(815301076,1909f56bfc062723c751e8b465ee728b)  -> (artifact id: 'e682d28c2df8d6bd6fb284d1e2244e8e') in 0.024847 seconds 
========================================================================
Received Import Request.
  Time since last request: 9.689257 seconds.
  path: Assets/Prefabs/Planets/blue-planet.prefab
  artifactKey: Guid(5cdf8dec56076a646968360d45e203b5) Importer(815301076,1909f56bfc062723c751e8b465ee728b)
Start importing Assets/Prefabs/Planets/blue-planet.prefab using Guid(5cdf8dec56076a646968360d45e203b5) Importer(815301076,1909f56bfc062723c751e8b465ee728b)  -> (artifact id: 'ff617a178fb9c9d6ae879fc09ab0b1ad') in 0.028160 seconds 
========================================================================
Received Import Request.
  Time since last request: 0.000018 seconds.
  path: Assets/Prefabs/Planets/Ice-Planet.prefab
  artifactKey: Guid(b3e75d58cd30ba54e9ddcc051ac01b84) Importer(815301076,1909f56bfc062723c751e8b465ee728b)
Start importing Assets/Prefabs/Planets/Ice-Planet.prefab using Guid(b3e75d58cd30ba54e9ddcc051ac01b84) Importer(815301076,1909f56bfc062723c751e8b465ee728b)  -> (artifact id: '36fd3015b7133a193678b1aceb541417') in 0.021454 seconds 
========================================================================
Received Import Request.
  Time since last request: 0.000015 seconds.
  path: Assets/Prefabs/Planets/Sand-Planet.prefab
  artifactKey: Guid(7aeba3c368e812648b1f462855b2b212) Importer(815301076,1909f56bfc062723c751e8b465ee728b)
Start importing Assets/Prefabs/Planets/Sand-Planet.prefab using Guid(7aeba3c368e812648b1f462855b2b212) Importer(815301076,1909f56bfc062723c751e8b465ee728b)  -> (artifact id: 'c2c90bec3512f9c734640c87c682b335') in 0.028293 seconds 
========================================================================
Received Import Request.
  Time since last request: 0.000023 seconds.
  path: Assets/Prefabs/Planets/Red-Planet-With-Ice.prefab
  artifactKey: Guid(d24e2fbfd0f28dd45949c8d1c47c20c8) Importer(815301076,1909f56bfc062723c751e8b465ee728b)
Start importing Assets/Prefabs/Planets/Red-Planet-With-Ice.prefab using Guid(d24e2fbfd0f28dd45949c8d1c47c20c8) Importer(815301076,1909f56bfc062723c751e8b465ee728b)  -> (artifact id: '08affc2e2c6c416babb7490783cb25a8') in 0.047777 seconds 
========================================================================
Received Import Request.
  Time since last request: 0.000012 seconds.
  path: Assets/Prefabs/Planets/Orange-Planet (1).prefab
  artifactKey: Guid(b6f1e7504c353f94188ee2d5957a9bbf) Importer(815301076,1909f56bfc062723c751e8b465ee728b)
Start importing Assets/Prefabs/Planets/Orange-Planet (1).prefab using Guid(b6f1e7504c353f94188ee2d5957a9bbf) Importer(815301076,1909f56bfc062723c751e8b465ee728b)  -> (artifact id: '8cac7a32548ebda590026d4f10f06386') in 0.058028 seconds 
========================================================================
Received Prepare
Registering precompiled user dll's ...
Registered in 0.005697 seconds.
Begin MonoManager ReloadAssembly
Symbol file LoadedFromMemory doesn't match image C:\Users\cocru\Documents\GitHub\Inspire\Inspire\Library\PackageCache\com.unity.visualscripting@1.7.6\Editor\VisualScripting.Core\Dependencies\YamlDotNet\Unity.VisualScripting.YamlDotNet.dll
Symbol file LoadedFromMemory doesn't match image C:\Users\cocru\Documents\GitHub\Inspire\Inspire\Library\PackageCache\com.unity.visualscripting@1.7.6\Editor\VisualScripting.Core\Dependencies\DotNetZip\Unity.VisualScripting.IonicZip.dll
Native extension for WindowsStandalone target not found
Refreshing native plugins compatible for Editor in 0.91 ms, found 4 plugins.
Preloading 0 native plugins for Editor in 0.00 ms.
Mono: successfully reloaded assembly
- Completed reload, in  0.943 seconds
Domain Reload Profiling:
	ReloadAssembly (944ms)
		BeginReloadAssembly (118ms)
			ExecutionOrderSort (0ms)
			DisableScriptedObjects (5ms)
			BackupInstance (0ms)
			ReleaseScriptingObjects (0ms)
			CreateAndSetChildDomain (31ms)
		EndReloadAssembly (746ms)
			LoadAssemblies (63ms)
			RebuildTransferFunctionScriptingTraits (0ms)
			SetupTypeCache (208ms)
			ReleaseScriptCaches (1ms)
			RebuildScriptCaches (37ms)
			SetupLoadedEditorAssemblies (379ms)
				LogAssemblyErrors (0ms)
				InitializePlatformSupportModulesInManaged (10ms)
				SetLoadedEditorAssemblies (0ms)
				RefreshPlugins (1ms)
				BeforeProcessingInitializeOnLoad (63ms)
				ProcessInitializeOnLoadAttributes (275ms)
				ProcessInitializeOnLoadMethodAttributes (24ms)
				AfterProcessingInitializeOnLoad (6ms)
				EditorAssembliesLoaded (0ms)
			ExecutionOrderSort2 (0ms)
			AwakeInstancesAfterBackupRestoration (10ms)
Platform modules already initialized, skipping
Refreshing native plugins compatible for Editor in 0.77 ms, found 4 plugins.
Preloading 0 native plugins for Editor in 0.00 ms.
Unloading 4272 Unused Serialized files (Serialized files now loaded: 0)
Unloading 33 unused Assets / (192.4 KB). Loaded Objects now: 4858.
Memory consumption went from 177.0 MB to 176.8 MB.
Total: 3.227800 ms (FindLiveObjects: 0.348700 ms CreateObjectMapping: 0.102000 ms MarkObjects: 2.657900 ms  DeleteObjects: 0.118200 ms)

AssetImportParameters requested are different than current active one (requested -> active):
  custom:video-decoder-ogg-theora: a1e56fd34408186e4bbccfd4996cb3dc -> 
  custom:container-muxer-webm: aa71ff27fc2769a1b78a27578f13a17b -> 
  custom:container-demuxer-webm: 4f35f7cbe854078d1ac9338744f61a02 -> 
  custom:video-encoder-webm-vp8: eb34c28f22e8b96e1ab97ce403110664 -> 
  custom:audio-encoder-webm-vorbis: bf7c407c2cedff20999df2af8eb42d56 -> 
  custom:framework-win-MediaFoundation: 216162199b28c13a410421893ffa2e32 -> 
  custom:container-demuxer-ogg: 62fdf1f143b41e24485cea50d1cbac27 -> 
  custom:video-decoder-webm-vp8: 9c59270c3fd7afecdb556c50c9e8de78 -> 
  custom:audio-decoder-ogg-vorbis: bf7c407c2cedff20999df2af8eb42d56 -> 
========================================================================
Received Import Request.
  Time since last request: 115.629597 seconds.
  path: Assets/Prefabs/AIShip.prefab
  artifactKey: Guid(4ddf2d9634abe4642b43ebb4e4f78e84) Importer(815301076,1909f56bfc062723c751e8b465ee728b)
Start importing Assets/Prefabs/AIShip.prefab using Guid(4ddf2d9634abe4642b43ebb4e4f78e84) Importer(815301076,1909f56bfc062723c751e8b465ee728b)  -> (artifact id: 'cd29a018d02ff2ef24b7bab5b38f1508') in 0.052995 seconds 
========================================================================
Received Import Request.
  Time since last request: 3.918039 seconds.
  path: Assets/Prefabs/Planets/cyan-planet.prefab
  artifactKey: Guid(41235e96858e0144884084d1f0055563) Importer(815301076,1909f56bfc062723c751e8b465ee728b)
Start importing Assets/Prefabs/Planets/cyan-planet.prefab using Guid(41235e96858e0144884084d1f0055563) Importer(815301076,1909f56bfc062723c751e8b465ee728b)  -> (artifact id: '6e372ba8343f1043393fb4e8c4291f04') in 0.013279 seconds 
========================================================================
Received Import Request.
  Time since last request: 0.003867 seconds.
  path: Assets/Prefabs/Planets/earth-like.prefab
  artifactKey: Guid(20d4af2e0ee233b41912bd91e8015218) Importer(815301076,1909f56bfc062723c751e8b465ee728b)
Start importing Assets/Prefabs/Planets/earth-like.prefab using Guid(20d4af2e0ee233b41912bd91e8015218) Importer(815301076,1909f56bfc062723c751e8b465ee728b)  -> (artifact id: 'bf86c4df57b121c0aa41cbd56cf833df') in 0.021034 seconds 
========================================================================
Received Import Request.
  Time since last request: 0.000024 seconds.
  path: Assets/Prefabs/Planets/red-planet-sputnik.prefab
  artifactKey: Guid(a9ddc5d830106c84c90350b65bed0cf9) Importer(815301076,1909f56bfc062723c751e8b465ee728b)
Start importing Assets/Prefabs/Planets/red-planet-sputnik.prefab using Guid(a9ddc5d830106c84c90350b65bed0cf9) Importer(815301076,1909f56bfc062723c751e8b465ee728b)  -> (artifact id: '88e88a96b01768d5ca070839132fe416') in 0.021902 seconds 
========================================================================
Received Import Request.
  Time since last request: 0.000020 seconds.
  path: Assets/Prefabs/Planets/Sand-Planet.prefab
  artifactKey: Guid(7aeba3c368e812648b1f462855b2b212) Importer(815301076,1909f56bfc062723c751e8b465ee728b)
Start importing Assets/Prefabs/Planets/Sand-Planet.prefab using Guid(7aeba3c368e812648b1f462855b2b212) Importer(815301076,1909f56bfc062723c751e8b465ee728b)  -> (artifact id: '4816200620f752e9ed4ebfbceb84af15') in 0.027342 seconds 
========================================================================
Received Import Request.
  Time since last request: 0.000016 seconds.
  path: Assets/Prefabs/Planets/Sun.prefab
  artifactKey: Guid(a9d04f27af92ecf4d9f4b77e5a8c4d9e) Importer(815301076,1909f56bfc062723c751e8b465ee728b)
Start importing Assets/Prefabs/Planets/Sun.prefab using Guid(a9d04f27af92ecf4d9f4b77e5a8c4d9e) Importer(815301076,1909f56bfc062723c751e8b465ee728b)  -> (artifact id: '51ecb0f23ba53a12505c8bf709c31701') in 0.013234 seconds 
========================================================================
Received Import Request.
  Time since last request: 0.000018 seconds.
  path: Assets/Prefabs/Planets/Purple-Planet.prefab
  artifactKey: Guid(637080c82179c5743a845af150795ef0) Importer(815301076,1909f56bfc062723c751e8b465ee728b)
Start importing Assets/Prefabs/Planets/Purple-Planet.prefab using Guid(637080c82179c5743a845af150795ef0) Importer(815301076,1909f56bfc062723c751e8b465ee728b)  -> (artifact id: 'da942232d04bec66038bc3033c8581c4') in 0.027179 seconds 
========================================================================
Received Import Request.
  Time since last request: 0.000024 seconds.
  path: Assets/Prefabs/Planets/Red-Planet-1.prefab
  artifactKey: Guid(8953599ab0341f2428cca25e70ea63ec) Importer(815301076,1909f56bfc062723c751e8b465ee728b)
Start importing Assets/Prefabs/Planets/Red-Planet-1.prefab using Guid(8953599ab0341f2428cca25e70ea63ec) Importer(815301076,1909f56bfc062723c751e8b465ee728b)  -> (artifact id: '9a0613d303d6a0ab1b8ef67d7828e465') in 0.019526 seconds 
========================================================================
Received Import Request.
  Time since last request: 5.216800 seconds.
  path: Assets/Prefabs/Planets/blue-planet 1.prefab
  artifactKey: Guid(a7e29504b0cd75b4ebe75f2219c74da2) Importer(815301076,1909f56bfc062723c751e8b465ee728b)
Start importing Assets/Prefabs/Planets/blue-planet 1.prefab using Guid(a7e29504b0cd75b4ebe75f2219c74da2) Importer(815301076,1909f56bfc062723c751e8b465ee728b)  -> (artifact id: '9d2068dce68cd7e8e923aa04736327c3') in 0.014969 seconds 
========================================================================
Received Import Request.
  Time since last request: 0.000019 seconds.
  path: Assets/Prefabs/Planets/Purple-Planet 1.prefab
  artifactKey: Guid(3b8194e5b5d2a0d40a0a82f9a10bfb9e) Importer(815301076,1909f56bfc062723c751e8b465ee728b)
Start importing Assets/Prefabs/Planets/Purple-Planet 1.prefab using Guid(3b8194e5b5d2a0d40a0a82f9a10bfb9e) Importer(815301076,1909f56bfc062723c751e8b465ee728b)  -> (artifact id: '93fe9494a201934f0f57ce693be166f1') in 0.021527 seconds 
========================================================================
Received Import Request.
  Time since last request: 0.000022 seconds.
  path: Assets/Prefabs/Planets/Ice-Planet 1.prefab
  artifactKey: Guid(7be46202349ad224db2f0cb3ae439a34) Importer(815301076,1909f56bfc062723c751e8b465ee728b)
Start importing Assets/Prefabs/Planets/Ice-Planet 1.prefab using Guid(7be46202349ad224db2f0cb3ae439a34) Importer(815301076,1909f56bfc062723c751e8b465ee728b)  -> (artifact id: '4f8d99f0f205609d939d81e6dd210862') in 0.013011 seconds 
========================================================================
Received Import Request.
  Time since last request: 0.000023 seconds.
  path: Assets/Prefabs/Planets/red-planet-sputnik 1.prefab
  artifactKey: Guid(661dbea1ec709fe4e9e1872f6c067c3a) Importer(815301076,1909f56bfc062723c751e8b465ee728b)
Start importing Assets/Prefabs/Planets/red-planet-sputnik 1.prefab using Guid(661dbea1ec709fe4e9e1872f6c067c3a) Importer(815301076,1909f56bfc062723c751e8b465ee728b)  -> (artifact id: '8b5de2d7f28389e751d5e52e47cecb11') in 0.013934 seconds 
========================================================================
Received Import Request.
  Time since last request: 0.000032 seconds.
  path: Assets/Prefabs/Planets/Sand-Planet 1.prefab
  artifactKey: Guid(11d4020ddaadc834fa6c0241e336f839) Importer(815301076,1909f56bfc062723c751e8b465ee728b)
Start importing Assets/Prefabs/Planets/Sand-Planet 1.prefab using Guid(11d4020ddaadc834fa6c0241e336f839) Importer(815301076,1909f56bfc062723c751e8b465ee728b)  -> (artifact id: 'ab495932e62967fdea7e4200aa81f57f') in 0.016059 seconds 
========================================================================
Received Import Request.
  Time since last request: 0.000023 seconds.
  path: Assets/Prefabs/Planets/Storm-Planet 1.prefab
  artifactKey: Guid(438d3f5a2a6a7f54e8f51932800edba3) Importer(815301076,1909f56bfc062723c751e8b465ee728b)
Start importing Assets/Prefabs/Planets/Storm-Planet 1.prefab using Guid(438d3f5a2a6a7f54e8f51932800edba3) Importer(815301076,1909f56bfc062723c751e8b465ee728b)  -> (artifact id: 'f6d0a2761bfddc4e2dddab698d13e679') in 0.012506 seconds 
========================================================================
Received Import Request.
  Time since last request: 43.376404 seconds.
  path: Assets/Prefabs/Planets/blue-planet.prefab
  artifactKey: Guid(5cdf8dec56076a646968360d45e203b5) Importer(815301076,1909f56bfc062723c751e8b465ee728b)
Start importing Assets/Prefabs/Planets/blue-planet.prefab using Guid(5cdf8dec56076a646968360d45e203b5) Importer(815301076,1909f56bfc062723c751e8b465ee728b)  -> (artifact id: '9c7702159b472978e65c389cf7cc5b94') in 0.013712 seconds 
========================================================================
Received Import Request.
  Time since last request: 0.000021 seconds.
  path: Assets/Prefabs/Planets/red-planet-sputnik.prefab
  artifactKey: Guid(a9ddc5d830106c84c90350b65bed0cf9) Importer(815301076,1909f56bfc062723c751e8b465ee728b)
Start importing Assets/Prefabs/Planets/red-planet-sputnik.prefab using Guid(a9ddc5d830106c84c90350b65bed0cf9) Importer(815301076,1909f56bfc062723c751e8b465ee728b)  -> (artifact id: 'd9591fdf9991b2881500636fd677aeb6') in 0.014409 seconds 
========================================================================
Received Import Request.
  Time since last request: 0.000028 seconds.
  path: Assets/Prefabs/Planets/Red-Planet-With-Ice.prefab
  artifactKey: Guid(d24e2fbfd0f28dd45949c8d1c47c20c8) Importer(815301076,1909f56bfc062723c751e8b465ee728b)
Start importing Assets/Prefabs/Planets/Red-Planet-With-Ice.prefab using Guid(d24e2fbfd0f28dd45949c8d1c47c20c8) Importer(815301076,1909f56bfc062723c751e8b465ee728b)  -> (artifact id: '26612af1ec95939859282237e5075663') in 0.015731 seconds 
========================================================================
Received Import Request.
  Time since last request: 0.000023 seconds.
  path: Assets/Prefabs/Planets/Lava-PLanet.prefab
  artifactKey: Guid(6314e85d0f67f38438033ce8c6ad44a7) Importer(815301076,1909f56bfc062723c751e8b465ee728b)
Start importing Assets/Prefabs/Planets/Lava-PLanet.prefab using Guid(6314e85d0f67f38438033ce8c6ad44a7) Importer(815301076,1909f56bfc062723c751e8b465ee728b)  -> (artifact id: '06af49d39e64d6aec900a54ef58ebcbf') in 0.013927 seconds 
========================================================================
Received Prepare
Registering precompiled user dll's ...
Registered in 0.006651 seconds.
Begin MonoManager ReloadAssembly
Symbol file LoadedFromMemory doesn't match image C:\Users\cocru\Documents\GitHub\Inspire\Inspire\Library\PackageCache\com.unity.visualscripting@1.7.6\Editor\VisualScripting.Core\Dependencies\YamlDotNet\Unity.VisualScripting.YamlDotNet.dll
Symbol file LoadedFromMemory doesn't match image C:\Users\cocru\Documents\GitHub\Inspire\Inspire\Library\PackageCache\com.unity.visualscripting@1.7.6\Editor\VisualScripting.Core\Dependencies\DotNetZip\Unity.VisualScripting.IonicZip.dll
Native extension for WindowsStandalone target not found
Refreshing native plugins compatible for Editor in 1.43 ms, found 4 plugins.
Preloading 0 native plugins for Editor in 0.00 ms.
Mono: successfully reloaded assembly
- Completed reload, in  1.203 seconds
Domain Reload Profiling:
	ReloadAssembly (1203ms)
		BeginReloadAssembly (129ms)
			ExecutionOrderSort (0ms)
			DisableScriptedObjects (8ms)
			BackupInstance (0ms)
			ReleaseScriptingObjects (0ms)
			CreateAndSetChildDomain (32ms)
		EndReloadAssembly (978ms)
			LoadAssemblies (73ms)
			RebuildTransferFunctionScriptingTraits (0ms)
			SetupTypeCache (259ms)
			ReleaseScriptCaches (2ms)
			RebuildScriptCaches (53ms)
			SetupLoadedEditorAssemblies (524ms)
				LogAssemblyErrors (0ms)
				InitializePlatformSupportModulesInManaged (15ms)
				SetLoadedEditorAssemblies (1ms)
				RefreshPlugins (2ms)
				BeforeProcessingInitializeOnLoad (82ms)
				ProcessInitializeOnLoadAttributes (383ms)
				ProcessInitializeOnLoadMethodAttributes (35ms)
				AfterProcessingInitializeOnLoad (8ms)
				EditorAssembliesLoaded (0ms)
			ExecutionOrderSort2 (0ms)
			AwakeInstancesAfterBackupRestoration (14ms)
Platform modules already initialized, skipping
Refreshing native plugins compatible for Editor in 1.12 ms, found 4 plugins.
Preloading 0 native plugins for Editor in 0.00 ms.
Unloading 4264 Unused Serialized files (Serialized files now loaded: 0)
Unloading 33 unused Assets / (192.3 KB). Loaded Objects now: 4860.
Memory consumption went from 176.7 MB to 176.5 MB.
Total: 4.334500 ms (FindLiveObjects: 0.420700 ms CreateObjectMapping: 0.132200 ms MarkObjects: 3.643600 ms  DeleteObjects: 0.136500 ms)

AssetImportParameters requested are different than current active one (requested -> active):
  custom:video-decoder-ogg-theora: a1e56fd34408186e4bbccfd4996cb3dc -> 
  custom:container-muxer-webm: aa71ff27fc2769a1b78a27578f13a17b -> 
  custom:container-demuxer-webm: 4f35f7cbe854078d1ac9338744f61a02 -> 
  custom:video-encoder-webm-vp8: eb34c28f22e8b96e1ab97ce403110664 -> 
  custom:audio-encoder-webm-vorbis: bf7c407c2cedff20999df2af8eb42d56 -> 
  custom:framework-win-MediaFoundation: 216162199b28c13a410421893ffa2e32 -> 
  custom:container-demuxer-ogg: 62fdf1f143b41e24485cea50d1cbac27 -> 
  custom:video-decoder-webm-vp8: 9c59270c3fd7afecdb556c50c9e8de78 -> 
  custom:audio-decoder-ogg-vorbis: bf7c407c2cedff20999df2af8eb42d56 -> 
Editor requested this worker to shutdown with reason: Scaling down because of idle timeout
AssetImportWorker is now disconnected from the server
Process exiting
Exiting without the bug reporter. Application will terminate with return code 0